
xv6 kernel is booting

hart 1 starting
hart 2 starting
init: starting sh
$ usertests -q
usertests starting
test copyin: OK
test copyout: OK
test copyinstr1: OK
test copyinstr2: OK
test copyinstr3: OK
test rwsbrk: OK
test truncate1: OK
test truncate2: OK
test truncate3: OK
test openiput: OK
test exitiput: OK
test iput: OK
test opentest: OK
test writetest: OK
test writebig: OK
test createtest: OK
test dirtest: OK
test exectest: OK
test pipe1: OK
test killstatus: OK
test preempt: kill... wait... OK
test exitwait: OK
test reparent: OK
test twochildren: OK
test forkfork: OK
test forkforkfork: OK
test reparent2: OK
test mem: OK
test sharedfd: OK
test fourfiles: OK
test createdelete: OK
test unlinkread: OK
test linktest: OK
test concreate: OK
test linkunlink: OK
test subdir: OK
test bigwrite: OK
test bigfile: OK
test fourteen: OK
test rmdot: OK
test dirfile: OK
test iref: OK
test forktest: OK
test sbrkbasic: OK
test sbrkmuch: OK
test kernmem: usertrap(): unexpected scause 0x000000000000000d pid=6273
            sepc=0x0000000000002216 stval=0x0000000080000000
usertrap(): unexpected scause 0x000000000000000d pid=6274
            sepc=0x0000000000002216 stval=0x000000008000c350
usertrap(): unexpected scause 0x000000000000000d pid=6275
            sepc=0x0000000000002216 stval=0x00000000800186a0
usertrap(): unexpected scause 0x000000000000000d pid=6276
            sepc=0x0000000000002216 stval=0x00000000800249f0
usertrap(): unexpected scause 0x000000000000000d pid=6277
            sepc=0x0000000000002216 stval=0x0000000080030d40
usertrap(): unexpected scause 0x000000000000000d pid=6278
            sepc=0x0000000000002216 stval=0x000000008003d090
usertrap(): unexpected scause 0x000000000000000d pid=6279
            sepc=0x0000000000002216 stval=0x00000000800493e0
usertrap(): unexpected scause 0x000000000000000d pid=6280
            sepc=0x0000000000002216 stval=0x0000000080055730
usertrap(): unexpected scause 0x000000000000000d pid=6281
            sepc=0x0000000000002216 stval=0x0000000080061a80
usertrap(): unexpected scause 0x000000000000000d pid=6282
            sepc=0x0000000000002216 stval=0x000000008006ddd0
usertrap(): unexpected scause 0x000000000000000d pid=6283
            sepc=0x0000000000002216 stval=0x000000008007a120
usertrap(): unexpected scause 0x000000000000000d pid=6284
            sepc=0x0000000000002216 stval=0x0000000080086470
usertrap(): unexpected scause 0x000000000000000d pid=6285
            sepc=0x0000000000002216 stval=0x00000000800927c0
usertrap(): unexpected scause 0x000000000000000d pid=6286
            sepc=0x0000000000002216 stval=0x000000008009eb10
usertrap(): unexpected scause 0x000000000000000d pid=6287
            sepc=0x0000000000002216 stval=0x00000000800aae60
usertrap(): unexpected scause 0x000000000000000d pid=6288
            sepc=0x0000000000002216 stval=0x00000000800b71b0
usertrap(): unexpected scause 0x000000000000000d pid=6289
            sepc=0x0000000000002216 stval=0x00000000800c3500
usertrap(): unexpected scause 0x000000000000000d pid=6290
            sepc=0x0000000000002216 stval=0x00000000800cf850
usertrap(): unexpected scause 0x000000000000000d pid=6291
            sepc=0x0000000000002216 stval=0x00000000800dbba0
usertrap(): unexpected scause 0x000000000000000d pid=6292
            sepc=0x0000000000002216 stval=0x00000000800e7ef0
usertrap(): unexpected scause 0x000000000000000d pid=6293
            sepc=0x0000000000002216 stval=0x00000000800f4240
usertrap(): unexpected scause 0x000000000000000d pid=6294
            sepc=0x0000000000002216 stval=0x0000000080100590
usertrap(): unexpected scause 0x000000000000000d pid=6295
            sepc=0x0000000000002216 stval=0x000000008010c8e0
usertrap(): unexpected scause 0x000000000000000d pid=6296
            sepc=0x0000000000002216 stval=0x0000000080118c30
usertrap(): unexpected scause 0x000000000000000d pid=6297
            sepc=0x0000000000002216 stval=0x0000000080124f80
usertrap(): unexpected scause 0x000000000000000d pid=6298
            sepc=0x0000000000002216 stval=0x00000000801312d0
usertrap(): unexpected scause 0x000000000000000d pid=6299
            sepc=0x0000000000002216 stval=0x000000008013d620
usertrap(): unexpected scause 0x000000000000000d pid=6300
            sepc=0x0000000000002216 stval=0x0000000080149970
usertrap(): unexpected scause 0x000000000000000d pid=6301
            sepc=0x0000000000002216 stval=0x0000000080155cc0
usertrap(): unexpected scause 0x000000000000000d pid=6302
            sepc=0x0000000000002216 stval=0x0000000080162010
usertrap(): unexpected scause 0x000000000000000d pid=6303
            sepc=0x0000000000002216 stval=0x000000008016e360
usertrap(): unexpected scause 0x000000000000000d pid=6304
            sepc=0x0000000000002216 stval=0x000000008017a6b0
usertrap(): unexpected scause 0x000000000000000d pid=6305
            sepc=0x0000000000002216 stval=0x0000000080186a00
usertrap(): unexpected scause 0x000000000000000d pid=6306
            sepc=0x0000000000002216 stval=0x0000000080192d50
usertrap(): unexpected scause 0x000000000000000d pid=6307
            sepc=0x0000000000002216 stval=0x000000008019f0a0
usertrap(): unexpected scause 0x000000000000000d pid=6308
            sepc=0x0000000000002216 stval=0x00000000801ab3f0
usertrap(): unexpected scause 0x000000000000000d pid=6309
            sepc=0x0000000000002216 stval=0x00000000801b7740
usertrap(): unexpected scause 0x000000000000000d pid=6310
            sepc=0x0000000000002216 stval=0x00000000801c3a90
usertrap(): unexpected scause 0x000000000000000d pid=6311
            sepc=0x0000000000002216 stval=0x00000000801cfde0
usertrap(): unexpected scause 0x000000000000000d pid=6312
            sepc=0x0000000000002216 stval=0x00000000801dc130
OK
test MAXVAplus: OK
test sbrkfail: usertrap(): unexpected scause 0x000000000000000d pid=6351
            sepc=0x00000000000049e4 stval=0x0000000000013000
OK
test sbrkarg: OK
test validatetest: OK
test bsstest: OK
test bigargtest: OK
test argptest: OK
test stacktest: usertrap(): unexpected scause 0x000000000000000d pid=6359
            sepc=0x0000000000002434 stval=0x0000000000010eb0
OK
test textwrite: OK
test pgbug: OK
test sbrkbugs: usertrap(): unexpected scause 0x000000000000000c pid=6364
            sepc=0x0000000000005c8a stval=0x0000000000005c8a
usertrap(): unexpected scause 0x000000000000000c pid=6365
            sepc=0x0000000000005c8a stval=0x0000000000005c8a
OK
test sbrklast: OK
test sbrk8000: OK
test badarg: OK
ALL TESTS PASSED
$ qemu-system-riscv64: terminating on signal 15 from pid 30729 (make)
